# JRE version: OpenJDK Runtime Environment Temurin-17.0.10+7 (17.0.10+7) (build 17.0.10+7)
# Java VM: OpenJDK 64-Bit Server VM Temurin-17.0.10+7 (17.0.10+7, mixed mode, tiered, compressed oops, compressed class ptrs, parallel gc, windows-amd64)
GC Precious Log:
 CPUs: 4 total, 4 available
 Memory: 7991M
 Large Page Support: Disabled
 NUMA Support: Disabled
 Compressed Oops: Enabled (32-bit)
 Alignments: Space 512K, Generation 512K, Heap 2M
 Heap Min Capacity: 100M
 Heap Initial Capacity: 100M
 Heap Max Capacity: 1G
 Pre-touch: Disabled
 Parallel Workers: 4
Heap:
 PSYoungGen      total 23040K, used 3794K [0x00000000eab00000, 0x00000000ec680000, 0x0000000100000000)
  eden space 22016K, 12% used [0x00000000eab00000,0x00000000eadbcaf8,0x00000000ec080000)
  from space 1024K, 96% used [0x00000000ec580000,0x00000000ec678000,0x00000000ec680000)
  to   space 1536K, 0% used [0x00000000ec380000,0x00000000ec380000,0x00000000ec500000)
 ParOldGen       total 68608K, used 15792K [0x00000000c0000000, 0x00000000c4300000, 0x00000000eab00000)
  object space 68608K, 23% used [0x00000000c0000000,0x00000000c0f6c020,0x00000000c4300000)
 Metaspace       used 45449K, committed 46272K, reserved 1114112K
  class space    used 4842K, committed 5184K, reserved 1048576K
GC Heap History (20 events):
Event: 11.157 GC heap before
{Heap before GC invocations=7 (full 1):
 PSYoungGen      total 29696K, used 25600K [0x00000000eab00000, 0x00000000ece00000, 0x0000000100000000)
  eden space 25600K, 100% used [0x00000000eab00000,0x00000000ec400000,0x00000000ec400000)
  from space 4096K, 0% used [0x00000000ec400000,0x00000000ec400000,0x00000000ec800000)
  to   space 5120K, 0% used [0x00000000ec900000,0x00000000ec900000,0x00000000ece00000)
 ParOldGen       total 68608K, used 10399K [0x00000000c0000000, 0x00000000c4300000, 0x00000000eab00000)
  object space 68608K, 15% used [0x00000000c0000000,0x00000000c0a27f10,0x00000000c4300000)
 Metaspace       used 24262K, committed 24832K, reserved 1114112K
  class space    used 2478K, committed 2688K, reserved 1048576K
}
Event: 11.159 GC heap after
{Heap after GC invocations=7 (full 1):
 PSYoungGen      total 26624K, used 1210K [0x00000000eab00000, 0x00000000eca80000, 0x0000000100000000)
  eden space 25088K, 0% used [0x00000000eab00000,0x00000000eab00000,0x00000000ec380000)
  from space 1536K, 78% used [0x00000000ec900000,0x00000000eca2e820,0x00000000eca80000)
  to   space 2560K, 0% used [0x00000000ec580000,0x00000000ec580000,0x00000000ec800000)
 ParOldGen       total 68608K, used 10407K [0x00000000c0000000, 0x00000000c4300000, 0x00000000eab00000)
  object space 68608K, 15% used [0x00000000c0000000,0x00000000c0a29f10,0x00000000c4300000)
 Metaspace       used 24262K, committed 24832K, reserved 1114112K
  class space    used 2478K, committed 2688K, reserved 1048576K
}
Event: 11.330 GC heap before
{Heap before GC invocations=8 (full 1):
 PSYoungGen      total 26624K, used 26298K [0x00000000eab00000, 0x00000000eca80000, 0x0000000100000000)
  eden space 25088K, 100% used [0x00000000eab00000,0x00000000ec380000,0x00000000ec380000)
  from space 1536K, 78% used [0x00000000ec900000,0x00000000eca2e820,0x00000000eca80000)
  to   space 2560K, 0% used [0x00000000ec580000,0x00000000ec580000,0x00000000ec800000)
 ParOldGen       total 68608K, used 10407K [0x00000000c0000000, 0x00000000c4300000, 0x00000000eab00000)
  object space 68608K, 15% used [0x00000000c0000000,0x00000000c0a29f10,0x00000000c4300000)
 Metaspace       used 27356K, committed 28032K, reserved 1114112K
  class space    used 2800K, committed 3072K, reserved 1048576K
}
Event: 11.333 GC heap after
{Heap after GC invocations=8 (full 1):
 PSYoungGen      total 27136K, used 2548K [0x00000000eab00000, 0x00000000ece00000, 0x0000000100000000)
  eden space 24576K, 0% used [0x00000000eab00000,0x00000000eab00000,0x00000000ec300000)
  from space 2560K, 99% used [0x00000000ec580000,0x00000000ec7fd1d0,0x00000000ec800000)
  to   space 5632K, 0% used [0x00000000ec880000,0x00000000ec880000,0x00000000ece00000)
 ParOldGen       total 68608K, used 12568K [0x00000000c0000000, 0x00000000c4300000, 0x00000000eab00000)
  object space 68608K, 18% used [0x00000000c0000000,0x00000000c0c463a8,0x00000000c4300000)
 Metaspace       used 27356K, committed 28032K, reserved 1114112K
  class space    used 2800K, committed 3072K, reserved 1048576K
}
Event: 11.493 GC heap before
{Heap before GC invocations=9 (full 1):
 PSYoungGen      total 27136K, used 27124K [0x00000000eab00000, 0x00000000ece00000, 0x0000000100000000)
  eden space 24576K, 100% used [0x00000000eab00000,0x00000000ec300000,0x00000000ec300000)
  from space 2560K, 99% used [0x00000000ec580000,0x00000000ec7fd1d0,0x00000000ec800000)
  to   space 5632K, 0% used [0x00000000ec880000,0x00000000ec880000,0x00000000ece00000)
 ParOldGen       total 68608K, used 12568K [0x00000000c0000000, 0x00000000c4300000, 0x00000000eab00000)
  object space 68608K, 18% used [0x00000000c0000000,0x00000000c0c463a8,0x00000000c4300000)
 Metaspace       used 30090K, committed 30720K, reserved 1114112K
  class space    used 2980K, committed 3200K, reserved 1048576K
}
Event: 11.495 GC heap after
{Heap after GC invocations=9 (full 1):
 PSYoungGen      total 27136K, used 2907K [0x00000000eab00000, 0x00000000ecb80000, 0x0000000100000000)
  eden space 24064K, 0% used [0x00000000eab00000,0x00000000eab00000,0x00000000ec280000)
  from space 3072K, 94% used [0x00000000ec880000,0x00000000ecb56ee0,0x00000000ecb80000)
  to   space 3584K, 0% used [0x00000000ec480000,0x00000000ec480000,0x00000000ec800000)
 ParOldGen       total 68608K, used 12576K [0x00000000c0000000, 0x00000000c4300000, 0x00000000eab00000)
  object space 68608K, 18% used [0x00000000c0000000,0x00000000c0c483a8,0x00000000c4300000)
 Metaspace       used 30090K, committed 30720K, reserved 1114112K
  class space    used 2980K, committed 3200K, reserved 1048576K
}
Event: 11.657 GC heap before
{Heap before GC invocations=10 (full 1):
 PSYoungGen      total 27136K, used 26971K [0x00000000eab00000, 0x00000000ecb80000, 0x0000000100000000)
  eden space 24064K, 100% used [0x00000000eab00000,0x00000000ec280000,0x00000000ec280000)
  from space 3072K, 94% used [0x00000000ec880000,0x00000000ecb56ee0,0x00000000ecb80000)
  to   space 3584K, 0% used [0x00000000ec480000,0x00000000ec480000,0x00000000ec800000)
 ParOldGen       total 68608K, used 12576K [0x00000000c0000000, 0x00000000c4300000, 0x00000000eab00000)
  object space 68608K, 18% used [0x00000000c0000000,0x00000000c0c483a8,0x00000000c4300000)
 Metaspace       used 32401K, committed 33088K, reserved 1114112K
  class space    used 3167K, committed 3456K, reserved 1048576K
}
Event: 11.658 GC heap after
{Heap after GC invocations=10 (full 1):
 PSYoungGen      total 26112K, used 2322K [0x00000000eab00000, 0x00000000ec900000, 0x0000000100000000)
  eden space 23552K, 0% used [0x00000000eab00000,0x00000000eab00000,0x00000000ec200000)
  from space 2560K, 90% used [0x00000000ec480000,0x00000000ec6c4840,0x00000000ec700000)
  to   space 2048K, 0% used [0x00000000ec700000,0x00000000ec700000,0x00000000ec900000)
 ParOldGen       total 68608K, used 13665K [0x00000000c0000000, 0x00000000c4300000, 0x00000000eab00000)
  object space 68608K, 19% used [0x00000000c0000000,0x00000000c0d58520,0x00000000c4300000)
 Metaspace       used 32401K, committed 33088K, reserved 1114112K
  class space    used 3167K, committed 3456K, reserved 1048576K
}
Event: 12.032 GC heap before
{Heap before GC invocations=11 (full 1):
 PSYoungGen      total 26112K, used 17627K [0x00000000eab00000, 0x00000000ec900000, 0x0000000100000000)
  eden space 23552K, 64% used [0x00000000eab00000,0x00000000eb9f26a8,0x00000000ec200000)
  from space 2560K, 90% used [0x00000000ec480000,0x00000000ec6c4840,0x00000000ec700000)
  to   space 2048K, 0% used [0x00000000ec700000,0x00000000ec700000,0x00000000ec900000)
 ParOldGen       total 68608K, used 13665K [0x00000000c0000000, 0x00000000c4300000, 0x00000000eab00000)
  object space 68608K, 19% used [0x00000000c0000000,0x00000000c0d58520,0x00000000c4300000)
 Metaspace       used 35059K, committed 35840K, reserved 1114112K
  class space    used 3473K, committed 3840K, reserved 1048576K
}
Event: 12.034 GC heap after
{Heap after GC invocations=11 (full 1):
 PSYoungGen      total 25088K, used 1475K [0x00000000eab00000, 0x00000000ec880000, 0x0000000100000000)
  eden space 23552K, 0% used [0x00000000eab00000,0x00000000eab00000,0x00000000ec200000)
  from space 1536K, 96% used [0x00000000ec700000,0x00000000ec870df8,0x00000000ec880000)
  to   space 2048K, 0% used [0x00000000ec480000,0x00000000ec480000,0x00000000ec680000)
 ParOldGen       total 68608K, used 15382K [0x00000000c0000000, 0x00000000c4300000, 0x00000000eab00000)
  object space 68608K, 22% used [0x00000000c0000000,0x00000000c0f05ac8,0x00000000c4300000)
 Metaspace       used 35059K, committed 35840K, reserved 1114112K
  class space    used 3473K, committed 3840K, reserved 1048576K
}
Event: 12.034 GC heap before
{Heap before GC invocations=12 (full 2):
 PSYoungGen      total 25088K, used 1475K [0x00000000eab00000, 0x00000000ec880000, 0x0000000100000000)
  eden space 23552K, 0% used [0x00000000eab00000,0x00000000eab00000,0x00000000ec200000)
  from space 1536K, 96% used [0x00000000ec700000,0x00000000ec870df8,0x00000000ec880000)
  to   space 2048K, 0% used [0x00000000ec480000,0x00000000ec480000,0x00000000ec680000)
 ParOldGen       total 68608K, used 15382K [0x00000000c0000000, 0x00000000c4300000, 0x00000000eab00000)
  object space 68608K, 22% used [0x00000000c0000000,0x00000000c0f05ac8,0x00000000c4300000)
 Metaspace       used 35059K, committed 35840K, reserved 1114112K
  class space    used 3473K, committed 3840K, reserved 1048576K
}
Event: 12.058 GC heap after
{Heap after GC invocations=12 (full 2):
 PSYoungGen      total 25088K, used 0K [0x00000000eab00000, 0x00000000ec880000, 0x0000000100000000)
  eden space 23552K, 0% used [0x00000000eab00000,0x00000000eab00000,0x00000000ec200000)
  from space 1536K, 0% used [0x00000000ec700000,0x00000000ec700000,0x00000000ec880000)
  to   space 2048K, 0% used [0x00000000ec480000,0x00000000ec480000,0x00000000ec680000)
 ParOldGen       total 68608K, used 13371K [0x00000000c0000000, 0x00000000c4300000, 0x00000000eab00000)
  object space 68608K, 19% used [0x00000000c0000000,0x00000000c0d0ed08,0x00000000c4300000)
 Metaspace       used 35059K, committed 35840K, reserved 1114112K
  class space    used 3473K, committed 3840K, reserved 1048576K
}
Event: 12.336 GC heap before
{Heap before GC invocations=13 (full 2):
 PSYoungGen      total 25088K, used 23544K [0x00000000eab00000, 0x00000000ec880000, 0x0000000100000000)
  eden space 23552K, 99% used [0x00000000eab00000,0x00000000ec1fe3e8,0x00000000ec200000)
  from space 1536K, 0% used [0x00000000ec700000,0x00000000ec700000,0x00000000ec880000)
  to   space 2048K, 0% used [0x00000000ec480000,0x00000000ec480000,0x00000000ec680000)
 ParOldGen       total 68608K, used 13371K [0x00000000c0000000, 0x00000000c4300000, 0x00000000eab00000)
  object space 68608K, 19% used [0x00000000c0000000,0x00000000c0d0ed08,0x00000000c4300000)
 Metaspace       used 38207K, committed 39040K, reserved 1114112K
  class space    used 3853K, committed 4224K, reserved 1048576K
}
Event: 12.338 GC heap after
{Heap after GC invocations=13 (full 2):
 PSYoungGen      total 24576K, used 1429K [0x00000000eab00000, 0x00000000ec780000, 0x0000000100000000)
  eden space 23040K, 0% used [0x00000000eab00000,0x00000000eab00000,0x00000000ec180000)
  from space 1536K, 93% used [0x00000000ec480000,0x00000000ec5e5650,0x00000000ec600000)
  to   space 1536K, 0% used [0x00000000ec600000,0x00000000ec600000,0x00000000ec780000)
 ParOldGen       total 68608K, used 13379K [0x00000000c0000000, 0x00000000c4300000, 0x00000000eab00000)
  object space 68608K, 19% used [0x00000000c0000000,0x00000000c0d10d08,0x00000000c4300000)
 Metaspace       used 38207K, committed 39040K, reserved 1114112K
  class space    used 3853K, committed 4224K, reserved 1048576K
}
Event: 12.578 GC heap before
{Heap before GC invocations=14 (full 2):
 PSYoungGen      total 24576K, used 24469K [0x00000000eab00000, 0x00000000ec780000, 0x0000000100000000)
  eden space 23040K, 100% used [0x00000000eab00000,0x00000000ec180000,0x00000000ec180000)
  from space 1536K, 93% used [0x00000000ec480000,0x00000000ec5e5650,0x00000000ec600000)
  to   space 1536K, 0% used [0x00000000ec600000,0x00000000ec600000,0x00000000ec780000)
 ParOldGen       total 68608K, used 13379K [0x00000000c0000000, 0x00000000c4300000, 0x00000000eab00000)
  object space 68608K, 19% used [0x00000000c0000000,0x00000000c0d10d08,0x00000000c4300000)
 Metaspace       used 41237K, committed 42048K, reserved 1114112K
  class space    used 4274K, committed 4608K, reserved 1048576K
}
Event: 12.580 GC heap after
{Heap after GC invocations=14 (full 2):
 PSYoungGen      total 23552K, used 848K [0x00000000eab00000, 0x00000000ec700000, 0x0000000100000000)
  eden space 22528K, 0% used [0x00000000eab00000,0x00000000eab00000,0x00000000ec100000)
  from space 1024K, 82% used [0x00000000ec600000,0x00000000ec6d4010,0x00000000ec700000)
  to   space 1536K, 0% used [0x00000000ec400000,0x00000000ec400000,0x00000000ec580000)
 ParOldGen       total 68608K, used 14666K [0x00000000c0000000, 0x00000000c4300000, 0x00000000eab00000)
  object space 68608K, 21% used [0x00000000c0000000,0x00000000c0e52be0,0x00000000c4300000)
 Metaspace       used 41237K, committed 42048K, reserved 1114112K
  class space    used 4274K, committed 4608K, reserved 1048576K
}
Event: 12.760 GC heap before
{Heap before GC invocations=15 (full 2):
 PSYoungGen      total 23552K, used 23376K [0x00000000eab00000, 0x00000000ec700000, 0x0000000100000000)
  eden space 22528K, 100% used [0x00000000eab00000,0x00000000ec100000,0x00000000ec100000)
  from space 1024K, 82% used [0x00000000ec600000,0x00000000ec6d4010,0x00000000ec700000)
  to   space 1536K, 0% used [0x00000000ec400000,0x00000000ec400000,0x00000000ec580000)
 ParOldGen       total 68608K, used 14666K [0x00000000c0000000, 0x00000000c4300000, 0x00000000eab00000)
  object space 68608K, 21% used [0x00000000c0000000,0x00000000c0e52be0,0x00000000c4300000)
 Metaspace       used 42592K, committed 43392K, reserved 1114112K
  class space    used 4466K, committed 4800K, reserved 1048576K
}
Event: 12.762 GC heap after
{Heap after GC invocations=15 (full 2):
 PSYoungGen      total 23552K, used 544K [0x00000000eab00000, 0x00000000ec680000, 0x0000000100000000)
  eden space 22016K, 0% used [0x00000000eab00000,0x00000000eab00000,0x00000000ec080000)
  from space 1536K, 35% used [0x00000000ec400000,0x00000000ec488000,0x00000000ec580000)
  to   space 1024K, 0% used [0x00000000ec580000,0x00000000ec580000,0x00000000ec680000)
 ParOldGen       total 68608K, used 15344K [0x00000000c0000000, 0x00000000c4300000, 0x00000000eab00000)
  object space 68608K, 22% used [0x00000000c0000000,0x00000000c0efc020,0x00000000c4300000)
 Metaspace       used 42592K, committed 43392K, reserved 1114112K
  class space    used 4466K, committed 4800K, reserved 1048576K
}
Event: 13.165 GC heap before
{Heap before GC invocations=16 (full 2):
 PSYoungGen      total 23552K, used 22560K [0x00000000eab00000, 0x00000000ec680000, 0x0000000100000000)
  eden space 22016K, 100% used [0x00000000eab00000,0x00000000ec080000,0x00000000ec080000)
  from space 1536K, 35% used [0x00000000ec400000,0x00000000ec488000,0x00000000ec580000)
  to   space 1024K, 0% used [0x00000000ec580000,0x00000000ec580000,0x00000000ec680000)
 ParOldGen       total 68608K, used 15344K [0x00000000c0000000, 0x00000000c4300000, 0x00000000eab00000)
  object space 68608K, 22% used [0x00000000c0000000,0x00000000c0efc020,0x00000000c4300000)
 Metaspace       used 45176K, committed 46080K, reserved 1114112K
  class space    used 4805K, committed 5184K, reserved 1048576K
}
Event: 13.167 GC heap after
{Heap after GC invocations=16 (full 2):
 PSYoungGen      total 23040K, used 992K [0x00000000eab00000, 0x00000000ec680000, 0x0000000100000000)
  eden space 22016K, 0% used [0x00000000eab00000,0x00000000eab00000,0x00000000ec080000)
  from space 1024K, 96% used [0x00000000ec580000,0x00000000ec678000,0x00000000ec680000)
  to   space 1536K, 0% used [0x00000000ec380000,0x00000000ec380000,0x00000000ec500000)
 ParOldGen       total 68608K, used 15792K [0x00000000c0000000, 0x00000000c4300000, 0x00000000eab00000)
  object space 68608K, 23% used [0x00000000c0000000,0x00000000c0f6c020,0x00000000c4300000)
 Metaspace       used 45176K, committed 46080K, reserved 1114112K
  class space    used 4805K, committed 5184K, reserved 1048576K
}

